  Level1.cpp
C:\Users\15028\source\repos\SDLSimple\platform\Scene.h(1,1): warning C4819: The file contains a character that cannot be represented in the current code page (936). Save the file in Unicode format to prevent data loss
  (compiling source file 'Level1.cpp')
  
C:\Users\15028\source\repos\SDLSimple\platform\Utility.h(1,1): warning C4819: The file contains a character that cannot be represented in the current code page (936). Save the file in Unicode format to prevent data loss
  (compiling source file 'Level1.cpp')
  
C:\Users\15028\source\repos\SDLSimple\platform\Entity.h(1,1): warning C4819: The file contains a character that cannot be represented in the current code page (936). Save the file in Unicode format to prevent data loss
  (compiling source file 'Level1.cpp')
  
C:\Users\15028\source\repos\SDLSimple\platform\Entity.h(119,55): warning C4244: 'return': conversion from 'const float' to 'const int', possible loss of data
  (compiling source file 'Level1.cpp')
  
C:\Users\15028\source\repos\SDLSimple\platform\Entity.h(120,55): warning C4244: 'return': conversion from 'const float' to 'const int', possible loss of data
  (compiling source file 'Level1.cpp')
  
  Level2.cpp
C:\Users\15028\source\repos\SDLSimple\platform\Scene.h(1,1): warning C4819: The file contains a character that cannot be represented in the current code page (936). Save the file in Unicode format to prevent data loss
  (compiling source file 'Level2.cpp')
  
C:\Users\15028\source\repos\SDLSimple\platform\Utility.h(1,1): warning C4819: The file contains a character that cannot be represented in the current code page (936). Save the file in Unicode format to prevent data loss
  (compiling source file 'Level2.cpp')
  
C:\Users\15028\source\repos\SDLSimple\platform\Entity.h(1,1): warning C4819: The file contains a character that cannot be represented in the current code page (936). Save the file in Unicode format to prevent data loss
  (compiling source file 'Level2.cpp')
  
C:\Users\15028\source\repos\SDLSimple\platform\Entity.h(119,55): warning C4244: 'return': conversion from 'const float' to 'const int', possible loss of data
  (compiling source file 'Level2.cpp')
  
C:\Users\15028\source\repos\SDLSimple\platform\Entity.h(120,55): warning C4244: 'return': conversion from 'const float' to 'const int', possible loss of data
  (compiling source file 'Level2.cpp')
  
  Level3.cpp
C:\Users\15028\source\repos\SDLSimple\platform\Scene.h(1,1): warning C4819: The file contains a character that cannot be represented in the current code page (936). Save the file in Unicode format to prevent data loss
  (compiling source file 'Level3.cpp')
  
C:\Users\15028\source\repos\SDLSimple\platform\Utility.h(1,1): warning C4819: The file contains a character that cannot be represented in the current code page (936). Save the file in Unicode format to prevent data loss
  (compiling source file 'Level3.cpp')
  
C:\Users\15028\source\repos\SDLSimple\platform\Entity.h(1,1): warning C4819: The file contains a character that cannot be represented in the current code page (936). Save the file in Unicode format to prevent data loss
  (compiling source file 'Level3.cpp')
  
C:\Users\15028\source\repos\SDLSimple\platform\Entity.h(119,55): warning C4244: 'return': conversion from 'const float' to 'const int', possible loss of data
  (compiling source file 'Level3.cpp')
  
C:\Users\15028\source\repos\SDLSimple\platform\Entity.h(120,55): warning C4244: 'return': conversion from 'const float' to 'const int', possible loss of data
  (compiling source file 'Level3.cpp')
  
  Menu.cpp
C:\Users\15028\source\repos\SDLSimple\platform\Scene.h(1,1): warning C4819: The file contains a character that cannot be represented in the current code page (936). Save the file in Unicode format to prevent data loss
  (compiling source file 'Menu.cpp')
  
C:\Users\15028\source\repos\SDLSimple\platform\Utility.h(1,1): warning C4819: The file contains a character that cannot be represented in the current code page (936). Save the file in Unicode format to prevent data loss
  (compiling source file 'Menu.cpp')
  
C:\Users\15028\source\repos\SDLSimple\platform\Entity.h(1,1): warning C4819: The file contains a character that cannot be represented in the current code page (936). Save the file in Unicode format to prevent data loss
  (compiling source file 'Menu.cpp')
  
C:\Users\15028\source\repos\SDLSimple\platform\Entity.h(119,55): warning C4244: 'return': conversion from 'const float' to 'const int', possible loss of data
  (compiling source file 'Menu.cpp')
  
C:\Users\15028\source\repos\SDLSimple\platform\Entity.h(120,55): warning C4244: 'return': conversion from 'const float' to 'const int', possible loss of data
  (compiling source file 'Menu.cpp')
  
C:\Users\15028\source\repos\SDLSimple\platform\Menu.cpp(81,67): warning C4305: 'argument': truncation from 'double' to 'float'
C:\Users\15028\source\repos\SDLSimple\platform\Menu.cpp(82,71): warning C4305: 'argument': truncation from 'double' to 'float'
C:\Users\15028\source\repos\SDLSimple\platform\Menu.cpp(83,62): warning C4305: 'argument': truncation from 'double' to 'float'
  Scene.cpp
C:\Users\15028\source\repos\SDLSimple\platform\Scene.h(1,1): warning C4819: The file contains a character that cannot be represented in the current code page (936). Save the file in Unicode format to prevent data loss
  (compiling source file 'Scene.cpp')
  
C:\Users\15028\source\repos\SDLSimple\platform\Utility.h(1,1): warning C4819: The file contains a character that cannot be represented in the current code page (936). Save the file in Unicode format to prevent data loss
  (compiling source file 'Scene.cpp')
  
C:\Users\15028\source\repos\SDLSimple\platform\Entity.h(1,1): warning C4819: The file contains a character that cannot be represented in the current code page (936). Save the file in Unicode format to prevent data loss
  (compiling source file 'Scene.cpp')
  
C:\Users\15028\source\repos\SDLSimple\platform\Entity.h(119,55): warning C4244: 'return': conversion from 'const float' to 'const int', possible loss of data
  (compiling source file 'Scene.cpp')
  
C:\Users\15028\source\repos\SDLSimple\platform\Entity.h(120,55): warning C4244: 'return': conversion from 'const float' to 'const int', possible loss of data
  (compiling source file 'Scene.cpp')
  
  Utility.cpp
C:\Users\15028\source\repos\SDLSimple\platform\Utility.h(1,1): warning C4819: The file contains a character that cannot be represented in the current code page (936). Save the file in Unicode format to prevent data loss
  (compiling source file 'Utility.cpp')
  
  Generating Code...
LINK : fatal error LNK1104: cannot open file 'SDL2_mixer.lib'
