c:\users\15028\source\repos\sdlsimple\cs3113 project 4 fuxian gong\cs3113 p.e95e2ab3\debug\vc143.pdb
c:\users\15028\source\repos\sdlsimple\cs3113 project 4 fuxian gong\cs3113 p.e95e2ab3\debug\vc143.idb
c:\users\15028\source\repos\sdlsimple\cs3113 project 4 fuxian gong\cs3113 p.e95e2ab3\debug\utility.obj
c:\users\15028\source\repos\sdlsimple\cs3113 project 4 fuxian gong\cs3113 p.e95e2ab3\debug\shaderprogram.obj
c:\users\15028\source\repos\sdlsimple\cs3113 project 4 fuxian gong\cs3113 p.e95e2ab3\debug\scene.obj
c:\users\15028\source\repos\sdlsimple\cs3113 project 4 fuxian gong\cs3113 p.e95e2ab3\debug\menu.obj
c:\users\15028\source\repos\sdlsimple\cs3113 project 4 fuxian gong\cs3113 p.e95e2ab3\debug\map.obj
c:\users\15028\source\repos\sdlsimple\cs3113 project 4 fuxian gong\cs3113 p.e95e2ab3\debug\main.obj
c:\users\15028\source\repos\sdlsimple\cs3113 project 4 fuxian gong\cs3113 p.e95e2ab3\debug\level3.obj
c:\users\15028\source\repos\sdlsimple\cs3113 project 4 fuxian gong\cs3113 p.e95e2ab3\debug\level2.obj
c:\users\15028\source\repos\sdlsimple\cs3113 project 4 fuxian gong\cs3113 p.e95e2ab3\debug\level1.obj
c:\users\15028\source\repos\sdlsimple\cs3113 project 4 fuxian gong\cs3113 p.e95e2ab3\debug\entity.obj
c:\users\15028\source\repos\sdlsimple\cs3113 project 4 fuxian gong\debug\cs3113 project 4 fuxian gong.exe
c:\users\15028\source\repos\sdlsimple\cs3113 project 4 fuxian gong\debug\cs3113 project 4 fuxian gong.pdb
c:\users\15028\source\repos\sdlsimple\cs3113 project 4 fuxian gong\cs3113 p.e95e2ab3\debug\cs3113 project 4 fuxian gong.ilk
c:\users\15028\source\repos\sdlsimple\cs3113 project 4 fuxian gong\cs3113 p.e95e2ab3\debug\cs3113 p.e95e2ab3.tlog\cl.command.1.tlog
c:\users\15028\source\repos\sdlsimple\cs3113 project 4 fuxian gong\cs3113 p.e95e2ab3\debug\cs3113 p.e95e2ab3.tlog\cl.items.tlog
c:\users\15028\source\repos\sdlsimple\cs3113 project 4 fuxian gong\cs3113 p.e95e2ab3\debug\cs3113 p.e95e2ab3.tlog\cl.read.1.tlog
c:\users\15028\source\repos\sdlsimple\cs3113 project 4 fuxian gong\cs3113 p.e95e2ab3\debug\cs3113 p.e95e2ab3.tlog\cl.write.1.tlog
c:\users\15028\source\repos\sdlsimple\cs3113 project 4 fuxian gong\cs3113 p.e95e2ab3\debug\cs3113 p.e95e2ab3.tlog\link.command.1.tlog
c:\users\15028\source\repos\sdlsimple\cs3113 project 4 fuxian gong\cs3113 p.e95e2ab3\debug\cs3113 p.e95e2ab3.tlog\link.read.1.tlog
c:\users\15028\source\repos\sdlsimple\cs3113 project 4 fuxian gong\cs3113 p.e95e2ab3\debug\cs3113 p.e95e2ab3.tlog\link.secondary.1.tlog
c:\users\15028\source\repos\sdlsimple\cs3113 project 4 fuxian gong\cs3113 p.e95e2ab3\debug\cs3113 p.e95e2ab3.tlog\link.write.1.tlog
